androidApp/build/intermediates/manifest_merge_blame_file/debug/manifest-merger-blame-debug-report.txt
1<?xml version="1.0" encoding="utf-8"?>
2<manifest xmlns:android="http://schemas.android.com/apk/res/android"
3    package="com.musicvisualizer.android"
4    android:versionCode="1"
5    android:versionName="1.0" >
6
7    <uses-sdk
8        android:minSdkVersion="21"
9        android:targetSdkVersion="34" />
10
11    <application
11-->src\main\AndroidManifest.xml:3:5-15:19
12        android:allowBackup="true"
12-->src\main\AndroidManifest.xml:4:9-35
13        android:debuggable="true"
14        android:extractNativeLibs="true"
15        android:icon="@drawable/ic_launcher"
15-->src\main\AndroidManifest.xml:5:9-45
16        android:label="HelloGL"
16-->src\main\AndroidManifest.xml:6:9-32
17        android:supportsRtl="true"
17-->src\main\AndroidManifest.xml:7:9-35
18        android:testOnly="true" >
19        <activity
19-->src\main\AndroidManifest.xml:8:9-14:20
20            android:name="com.musicvisualizer.android.MainActivity"
20-->src\main\AndroidManifest.xml:8:19-47
21            android:exported="true" >
21-->src\main\AndroidManifest.xml:9:13-36
22            <intent-filter>
22-->src\main\AndroidManifest.xml:10:13-13:29
23                <action android:name="android.intent.action.MAIN" />
23-->src\main\AndroidManifest.xml:11:17-69
23-->src\main\AndroidManifest.xml:11:25-66
24
25                <category android:name="android.intent.category.LAUNCHER" />
25-->src\main\AndroidManifest.xml:12:17-77
25-->src\main\AndroidManifest.xml:12:27-74
26            </intent-filter>
27        </activity>
28    </application>
29
30</manifest>